<?xml version="1.0" encoding="UTF-8"?>
<!-- Generated by org.testng.reporters.JUnitXMLReporter -->
<testsuite hostname="LAPTOP-621Q5FK4" ignored="0" name="Default test" tests="5" failures="0" timestamp="2019-11-27T11:25:23 CET" time="3.608" errors="0">
  <testcase name="testSingleContent" time="2.326" classname="restAssuredTests.Demo6_BasicValidations_XML"/>
  <testcase name="testMultipleContents" time="0.355" classname="restAssuredTests.Demo6_BasicValidations_XML"/>
  <testcase name="testMultipleInOneGo" time="0.223" classname="restAssuredTests.Demo6_BasicValidations_XML"/>
  <testcase name="testUsingXPath1" time="0.497" classname="restAssuredTests.Demo6_BasicValidations_XML"/>
  <testcase name="testUsingXPath2" time="0.159" classname="restAssuredTests.Demo6_BasicValidations_XML"/>
</testsuite> <!-- Default test -->
