<?xml version="1.0" encoding="UTF-8"?>
<!-- Generated by org.testng.reporters.JUnitXMLReporter -->
<testsuite hostname="LAPTOP-621Q5FK4" ignored="0" name="EmployeesRestAPITest" tests="4" failures="0" timestamp="2019-11-27T13:51:04 CET" time="6.041" errors="0">
  <testcase name="getWeatherDetails" time="2.859" classname="restAssuredTests.Demo1_GET_Request"/>
  <testcase name="testPost" time="0.785" classname="restAssuredTests.Demo2_POST_Request"/>
  <testcase name="testPut" time="1.459" classname="restAssuredTests.Demo3_PUT_Request"/>
  <testcase name="testDeleteEmployeeRecord" time="0.683" classname="restAssuredTests.Demo4_DELETE_Request"/>
</testsuite> <!-- EmployeesRestAPITest -->
