<?xml version="1.0" encoding="UTF-8"?>
<testng-results skipped="0" failed="0" ignored="0" total="4" passed="4">
  <reporter-output>
  </reporter-output>
  <suite name="EmployeesRestAPISuite" duration-ms="6041" started-at="2019-11-27T13:50:58 CET" finished-at="2019-11-27T13:51:04 CET">
    <groups>
    </groups>
    <test name="EmployeesRestAPITest" duration-ms="6041" started-at="2019-11-27T13:50:58 CET" finished-at="2019-11-27T13:51:04 CET">
      <class name="restAssuredTests.Demo3_PUT_Request">
        <test-method status="PASS" signature="putdata()[pri:0, instance:restAssuredTests.Demo3_PUT_Request@9660f4e]" name="putdata" is-config="true" duration-ms="0" started-at="2019-11-27T13:51:02 CET" finished-at="2019-11-27T13:51:02 CET">
          <reporter-output>
          </reporter-output>
        </test-method> <!-- putdata -->
        <test-method status="PASS" signature="testPut()[pri:0, instance:restAssuredTests.Demo3_PUT_Request@9660f4e]" name="testPut" duration-ms="1459" started-at="2019-11-27T13:51:02 CET" finished-at="2019-11-27T13:51:03 CET">
          <reporter-output>
          </reporter-output>
        </test-method> <!-- testPut -->
      </class> <!-- restAssuredTests.Demo3_PUT_Request -->
      <class name="restAssuredTests.Demo2_POST_Request">
        <test-method status="PASS" signature="postdata()[pri:0, instance:restAssuredTests.Demo2_POST_Request@7c29daf3]" name="postdata" is-config="true" duration-ms="4" started-at="2019-11-27T13:51:01 CET" finished-at="2019-11-27T13:51:01 CET">
          <reporter-output>
          </reporter-output>
        </test-method> <!-- postdata -->
        <test-method status="PASS" signature="testPost()[pri:0, instance:restAssuredTests.Demo2_POST_Request@7c29daf3]" name="testPost" duration-ms="785" started-at="2019-11-27T13:51:01 CET" finished-at="2019-11-27T13:51:02 CET">
          <reporter-output>
          </reporter-output>
        </test-method> <!-- testPost -->
      </class> <!-- restAssuredTests.Demo2_POST_Request -->
      <class name="restAssuredTests.Demo1_GET_Request">
        <test-method status="PASS" signature="getWeatherDetails()[pri:0, instance:restAssuredTests.Demo1_GET_Request@4bbfb90a]" name="getWeatherDetails" duration-ms="2859" started-at="2019-11-27T13:50:58 CET" finished-at="2019-11-27T13:51:01 CET">
          <reporter-output>
          </reporter-output>
        </test-method> <!-- getWeatherDetails -->
      </class> <!-- restAssuredTests.Demo1_GET_Request -->
      <class name="restAssuredTests.Demo4_DELETE_Request">
        <test-method status="PASS" signature="deletedata()[pri:0, instance:restAssuredTests.Demo4_DELETE_Request@5a8806ef]" name="deletedata" is-config="true" duration-ms="0" started-at="2019-11-27T13:51:03 CET" finished-at="2019-11-27T13:51:03 CET">
          <reporter-output>
          </reporter-output>
        </test-method> <!-- deletedata -->
        <test-method status="PASS" signature="testDeleteEmployeeRecord()[pri:0, instance:restAssuredTests.Demo4_DELETE_Request@5a8806ef]" name="testDeleteEmployeeRecord" duration-ms="683" started-at="2019-11-27T13:51:03 CET" finished-at="2019-11-27T13:51:04 CET">
          <reporter-output>
          </reporter-output>
        </test-method> <!-- testDeleteEmployeeRecord -->
      </class> <!-- restAssuredTests.Demo4_DELETE_Request -->
    </test> <!-- EmployeesRestAPITest -->
  </suite> <!-- EmployeesRestAPISuite -->
</testng-results>
